<?xml version="1.0" encoding="UTF-8"?>
<testng-results skipped="0" failed="0" ignored="0" total="1" passed="1">
  <reporter-output>
  </reporter-output>
  <suite name="Default suite" duration-ms="80" started-at="2019-06-14T11:41:38Z" finished-at="2019-06-14T11:41:38Z">
    <groups>
    </groups>
    <test name="Default test" duration-ms="80" started-at="2019-06-14T11:41:38Z" finished-at="2019-06-14T11:41:38Z">
      <class name="com.example.info.NewTest">
        <test-method status="PASS" signature="p()[pri:0, instance:com.example.info.NewTest@4e1d422d]" name="p" duration-ms="17" started-at="2019-06-14T11:41:38Z" finished-at="2019-06-14T11:41:38Z">
          <reporter-output>
          </reporter-output>
        </test-method> <!-- p -->
      </class> <!-- com.example.info.NewTest -->
    </test> <!-- Default test -->
  </suite> <!-- Default suite -->
</testng-results>
